  Button.cpp
  TicTacToe.cpp
C:\Aku\Programming\Projects\C++\TicTacToe\TicTacToe.cpp(2,10): warning C4067: unexpected tokens following preprocessor directive - expected a newline
C:\Aku\Programming\Projects\C++\TicTacToe\TicTacToe.cpp(3,10): warning C4067: unexpected tokens following preprocessor directive - expected a newline
C:\Aku\Programming\Projects\C++\TicTacToe\TicTacToe.cpp(50,62): warning C4244: 'argument': conversion from 'T' to 'float', possible loss of data
          with
          [
              T=unsigned int
          ]
C:\Aku\Programming\Projects\C++\TicTacToe\TicTacToe.cpp(50,38): warning C4244: 'argument': conversion from 'T' to 'float', possible loss of data
          with
          [
              T=unsigned int
          ]
C:\Aku\Programming\Projects\C++\TicTacToe\TicTacToe.cpp(89,50): warning C4244: 'argument': conversion from 'T' to 'T', possible loss of data
          with
          [
              T=unsigned int
          ]
          and
          [
              T=float
          ]
  Generating code
  Previous IPDB and IOBJ mismatch, fall back to full compilation.
  All 115 functions were compiled because no usable IPDB/IOBJ from previous compilation was found.
  Finished generating code
  TicTacToe.vcxproj -> C:\Aku\Programming\Projects\C++\Release\TicTacToe.exe
